────────────────────────────────────────────────────────────────────────────────
dKMC.jl v1.0
Exciton Transport Module
Github: https://github.com/kassalgroup/dKMC.jl

Daniel Balzer
University of Sydney
Kassal Group: https://www.kassal.group

This dKMC module simulates the movement of a partially delocalised exciton in a 
disordered material. The simulations start with an exciton in the middle of the 
lattice and propagate the transport dynamics using dKMC. 

If this module is used, please cite the following:

1. Balzer, D.; Kassal, I. Mechanism of Delocalization-Enhanced Exciton Transport 
in Disordered Organic Semiconductors. Journal of Physical Chemisry Letters 2023, 
14(8), 2155-2162.

────────────────────────────────────────────────────────────────────────────────

Julia version:  1.11.4
Start time:     2025-10-17T10:34:17.102

────────────────────────────────────────────────────────────────────────────────
User input:
────────────────────────────────────────────────────────────────────────────────
# Number of computer processes available for parallelisation
number_of_processes: 7

# System parameters
dimension: 1
N: 1000
exciton_disorder: 30
transition_dipole_moment: 10
epsilon_r: 3.5 
exciton_bath_reorganisation_energy: 150
exciton_bath_cutoff_energy: 62
T: 300
site_spacing: 1e-9

# Simulation parameters
landscape_iterations: 1000
trajectory_iterations: 10
accuracy: 0.99
end_time: 1e-10 
number_of_sampling_times: 100

────────────────────────────────────────────────────────────────────────────────
Results:
────────────────────────────────────────────────────────────────────────────────
Diffusion coefficient: 0.0020542964577489587 cm²s⁻¹
Diffusion coefficient error: 4.522210164049267e-5 cm²s⁻¹

Sampling times (s): [0.0, 1.0e-12, 2.0e-12, 3.0e-12, 4.0e-12, 5.0e-12, 6.0e-12, 7.0e-12, 8.0e-12, 9.0e-12, 1.0e-11, 1.0999999999999999e-11, 1.2e-11, 1.3e-11, 1.4e-11, 1.5e-11, 1.6e-11, 1.7e-11, 1.8e-11, 1.9e-11, 2.0e-11, 2.1e-11, 2.1999999999999998e-11, 2.2999999999999998e-11, 2.4e-11, 2.5e-11, 2.6e-11, 2.7e-11, 2.8e-11, 2.9e-11, 3.0e-11, 3.0999999999999996e-11, 3.2e-11, 3.3e-11, 3.4e-11, 3.5e-11, 3.6e-11, 3.7e-11, 3.8e-11, 3.9e-11, 4.0e-11, 4.1e-11, 4.2e-11, 4.3e-11, 4.3999999999999997e-11, 4.5e-11, 4.5999999999999996e-11, 4.7e-11, 4.8e-11, 4.9e-11, 5.0e-11, 5.1e-11, 5.2e-11, 5.3e-11, 5.4e-11, 5.5e-11, 5.6e-11, 5.7e-11, 5.8e-11, 5.9e-11, 6.0e-11, 6.1e-11, 6.199999999999999e-11, 6.3e-11, 6.4e-11, 6.5e-11, 6.6e-11, 6.7e-11, 6.8e-11, 6.9e-11, 7.0e-11, 7.1e-11, 7.2e-11, 7.299999999999999e-11, 7.4e-11, 7.5e-11, 7.6e-11, 7.699999999999999e-11, 7.8e-11, 7.9e-11, 8.0e-11, 8.1e-11, 8.2e-11, 8.3e-11, 8.4e-11, 8.5e-11, 8.6e-11, 8.7e-11, 8.799999999999999e-11, 8.9e-11, 9.0e-11, 9.1e-11, 9.199999999999999e-11, 9.3e-11, 9.4e-11, 9.5e-11, 9.6e-11, 9.7e-11, 9.8e-11, 9.9e-11, 1.0e-10]

Mean squared displacements (in nm²) at sampling times: [0.0, 2.1403166334606674, 3.4520027776213893, 4.512412452511826, 5.451302722661257, 6.366610080732264, 7.1450803261524385, 7.935084983674846, 8.624427079368674, 9.34922786083838, 9.898930426091294, 10.625201775924149, 11.31491676845216, 11.93941511017183, 12.668179881156115, 13.315685252835289, 13.977494411258437, 14.623780952560733, 15.092312897602024, 15.553517967558445, 15.977996162365736, 16.529753292653005, 17.074017212900987, 17.736061563524586, 18.282229037838146, 18.835404723613475, 19.365073511042205, 19.82829465647769, 20.304317677286885, 20.83191697839171, 21.335773731882544, 21.711818967014867, 22.325243283310595, 22.802506783557103, 23.30586041059169, 23.899118358190485, 24.279986834962976, 24.799422045901572, 25.254519470137495, 25.60889591386446, 26.034120487763488, 26.532976275945433, 26.99253797491218, 27.6541716914548, 28.075110961859508, 28.44028836882648, 28.899741342544264, 29.817661748181578, 30.412886405242528, 30.750673917646715, 31.077100060111423, 31.402892642591713, 31.886978623740717, 32.355353592382045, 32.821409834498745, 33.37294566841362, 33.732085862234015, 34.03141851007508, 34.367006066033824, 34.91936885696379, 35.463733795860286, 36.12953087241229, 36.70265602411596, 36.99109232717369, 37.55731910155951, 37.73623519331734, 38.27620930328366, 38.73531183389495, 39.03301993815828, 39.359589433653866, 39.79452828577558, 40.33298200301993, 40.643902271692404, 40.936069680178285, 41.457157087580065, 41.73911935221214, 42.07009164554765, 42.42570406022894, 42.99688631989841, 43.37278682624412, 43.799136414565126, 44.18814010045601, 44.89836402643844, 45.06287552838157, 45.7058261059544, 46.00939044898736, 46.36770683847035, 46.72265060496472, 47.1925937021789, 47.64494508697733, 47.87688106421652, 47.894530839834694, 48.42221012139382, 48.94984160531101, 49.422283516096385, 49.76506690683679, 50.06876752188454, 50.57603821532011, 50.81154394720243, 51.141455382839396, 51.47919059776212]
Standard errors of the mean squared displacements (in nm²) at sampling times: [0.0, 0.06347517383007262, 0.10170408382874865, 0.12475976759930277, 0.15171859286699166, 0.17015198060169248, 0.19210219489491562, 0.21669964407810713, 0.22873961009230642, 0.24686868278938226, 0.2653672837578991, 0.28595760432291445, 0.30412622365880404, 0.32198733952405045, 0.33373556811828126, 0.34639512927705723, 0.36435889498321283, 0.3882505802762673, 0.39811077908780923, 0.40816133826043405, 0.42062067052323737, 0.4311746873002257, 0.4380539846381383, 0.459776635314003, 0.47095104025384465, 0.47828729994229346, 0.4862445146832909, 0.5050026440853081, 0.5191229838182402, 0.5438755109727771, 0.5510478653619691, 0.5549081368021311, 0.5658516030895266, 0.5848029517065902, 0.588935475157355, 0.5995904176976942, 0.6056743961479055, 0.6133811719996054, 0.6212242677461365, 0.6319057680571782, 0.6457849863557946, 0.6670744441794916, 0.6686800151523346, 0.6825381958198684, 0.6904264279803995, 0.6941573140520081, 0.7041451724989073, 0.7285914959109803, 0.7343742895028914, 0.7330758869093545, 0.7411015537950283, 0.7517422984155551, 0.7502944500533547, 0.7614226822837181, 0.7581362951991992, 0.7721053244347024, 0.789668826752872, 0.7992074733620304, 0.816455697656034, 0.8291257225391107, 0.8375837036991575, 0.8579998544986321, 0.8716908067989294, 0.8844078037647218, 0.8937755145688944, 0.8965889735368124, 0.9136306883467636, 0.9229207983013353, 0.9185513326506551, 0.9247688215029215, 0.9384203641793335, 0.945173610993812, 0.9615872684485852, 0.9657427758488527, 0.9769093142535804, 0.9712147078941489, 0.9888918413162938, 0.9984320339509352, 1.0049335968113589, 1.01733899298956, 1.0257571674814305, 1.0305859538540902, 1.0407011162892101, 1.0439485385694938, 1.065513470782172, 1.0651445968441313, 1.0779778398314799, 1.0891274146069236, 1.0882603540182096, 1.0926644060996769, 1.100854716098071, 1.0892051069228241, 1.0996966027640909, 1.1184646500886892, 1.1292376930286145, 1.1415423942887304, 1.1501041497049884, 1.1700992730515258, 1.1803159794713045, 1.1889020109442965, 1.1921836087380233]

Mean energies (in meV) at sampling times: [-150.273004066161, -166.43446678294418, -168.5593049016452, -170.2315658666145, -171.05645979864775, -171.91679075717238, -172.18578071063408, -172.67260573378687, -173.08428775961752, -173.44367771086118, -173.7242832633502, -174.04122179043569, -174.50833316217077, -174.66762915267495, -174.9333766738463, -174.80736334261854, -174.6481822271943, -175.01581522076646, -174.90936367953537, -175.62503099830357, -175.40766989461306, -175.67201976428936, -175.51803878342363, -176.0254615125973, -176.10679121265503, -175.91057183637812, -176.08227426128033, -176.13846311767472, -176.13789860447272, -176.61643592950225, -176.56412308534374, -176.50787174128624, -176.73589762042604, -176.48591513188475, -176.57000887743828, -176.80850247567537, -176.9861883397253, -176.8988324748652, -176.82184471456208, -176.9492659142141, -176.79056785074488, -176.8325583711572, -176.98445019460917, -177.09586626981402, -177.1271095397644, -177.14192934711258, -177.38543008177712, -177.30046193392138, -177.33534891409445, -177.59445588607332, -177.2252668303349, -177.4446832685888, -177.0013978433409, -177.1107000817649, -177.12002354226763, -177.01467905316915, -177.28976585208676, -177.28753732821502, -177.35527813453405, -177.32186342004422, -177.75099597669353, -177.94561367175712, -178.22392987237959, -177.6961772990053, -178.09921274535057, -177.63757205117963, -178.1485181275009, -177.78324965815597, -177.7005302948063, -178.25853334479885, -178.06031460983797, -178.16194725583802, -177.9800534117231, -178.39516970230122, -178.07123708615947, -177.94181378081268, -178.25779338988002, -178.30827690596837, -178.50138592292495, -178.0857032465021, -178.51732767094342, -178.28279947067568, -178.44945911579762, -178.65408947352518, -178.42089733729665, -178.71787762180207, -178.61757631371458, -178.98240909046427, -178.91150734222262, -178.7212688495587, -178.61611029137623, -178.56526176942617, -178.53419023604948, -178.29735331623309, -178.71288336317335, -178.62038363206076, -178.72837753959783, -178.60335638466722, -178.82182307092123, -178.76660910314186, -178.84317666791614]
Standard errors of the mean energies (in meV) at sampling times: [0.9642392054188567, 0.6553515919755954, 0.6171345191732639, 0.6012633514628601, 0.5902618566557223, 0.5806567941539185, 0.5745245785693787, 0.5618668190212948, 0.5586252924595635, 0.5550983639454842, 0.5554291497084051, 0.5557715581641709, 0.5441487109440922, 0.5467202069203347, 0.5447226100576181, 0.555513276350601, 0.5463017489109202, 0.5516765479815782, 0.5426492648328646, 0.5411578118402037, 0.5268438097507904, 0.5296543203091558, 0.5214564456795802, 0.5247785043637387, 0.5165891713963779, 0.5114222148880192, 0.516865306523996, 0.5221257666812985, 0.5232222353460788, 0.5229303831492458, 0.5136508999784805, 0.5083626380139675, 0.5039291159224532, 0.5016281609613812, 0.49210862025653856, 0.4990070005479206, 0.49625212758455295, 0.5070134046052851, 0.5071634767474587, 0.511690419022045, 0.49652052787915973, 0.5059061727340476, 0.4957677947907989, 0.49085979970104404, 0.48836937479223835, 0.49229462275067776, 0.4864077600072905, 0.48896027342326387, 0.49270190162058786, 0.48507691104316136, 0.48013435883155453, 0.4867035320110094, 0.48629116000392153, 0.48533511313697153, 0.4836804296341906, 0.48220961516327987, 0.49359262620421396, 0.4914236206879564, 0.47046591790765696, 0.47668116181686243, 0.4777086783283434, 0.48338176578781444, 0.4765736518161882, 0.47414092863504714, 0.48012323215982394, 0.4823521544293711, 0.47581523393484776, 0.4742886618062026, 0.48621494245632535, 0.4784430869137396, 0.477665173508323, 0.47875617153632916, 0.4692247540869612, 0.47530037280269116, 0.4776405405778604, 0.47412940457865654, 0.4706855461216015, 0.47801806417578124, 0.47617017822604696, 0.47700470751001683, 0.47601684138515077, 0.47096059563057885, 0.4622555238281479, 0.4711488151177662, 0.4655739867274089, 0.4629112693331881, 0.4589025981134977, 0.4600064757285431, 0.46064292566533416, 0.4710521171463096, 0.458693734687249, 0.4565688111668209, 0.46564655964642826, 0.45489251221934557, 0.4654225588692385, 0.46954790636765614, 0.46149113999560915, 0.4622236765946892, 0.455856728518172, 0.4544064845568186, 0.4468880384451219]

Mean IPRs at sampling times: [1.230777392606985, 1.2200256202566713, 1.218705631096742, 1.218155737435254, 1.2156479562893932, 1.212830566401376, 1.2148385514309568, 1.21413329609384, 1.2082810047491623, 1.2076625868676771, 1.2086470983407858, 1.2038661029530466, 1.2077709011119404, 1.2057974249834238, 1.2084356304462942, 1.206124905400109, 1.206704823748041, 1.2032616940106675, 1.2084197452996503, 1.2068079655863317, 1.202490858725437, 1.2078983121020368, 1.204718705206627, 1.2076817264969406, 1.20176872734454, 1.2047562035581394, 1.2082509163641308, 1.205997506116308, 1.2091180964935155, 1.2034635766524944, 1.2036648369797307, 1.2067021805310274, 1.2074153445460911, 1.2049505287792, 1.2036219582751926, 1.2037236492589316, 1.2017211152237635, 1.2063612116720241, 1.2009592537288978, 1.2066323629235607, 1.205013306649879, 1.2075325788245612, 1.202021712944033, 1.2005278948827733, 1.2027784509503296, 1.200113742997846, 1.1987276201235204, 1.2033951906252847, 1.2014427419246787, 1.2008329743511852, 1.2004106831035515, 1.1993108988206944, 1.2032570294863612, 1.2026165109585716, 1.2044411599482148, 1.2023261942772046, 1.199503374928063, 1.1993968764425706, 1.204920038219556, 1.198497184787407, 1.2027885751965375, 1.2029676768490574, 1.1983393203895374, 1.202341564795562, 1.2005634825027138, 1.1983087810867212, 1.2030490946697898, 1.2035778893685893, 1.2012905854172442, 1.201290107957548, 1.2011943555204285, 1.1981474671148908, 1.2010086184689366, 1.195454627275362, 1.1987001518450109, 1.1967400195435167, 1.193874611160093, 1.193268396674787, 1.1926259348520833, 1.2016561028951631, 1.1950008264681462, 1.1983331956406216, 1.1969714490220522, 1.196253639306474, 1.1977144528154071, 1.1991408701568798, 1.1987015718741327, 1.1941219695035201, 1.198756239297725, 1.1988096595408637, 1.1992225577864233, 1.205315692416514, 1.2000835335892281, 1.20120054900904, 1.2020715344911062, 1.2006117354235377, 1.199809216999267, 1.2021866685855218, 1.2027240690379346, 1.1994586078957983, 1.2026310089370484]
Standard errors of the mean IPRs at sampling times: [0.011676449342901796, 0.008340265529492671, 0.00783998639828194, 0.007619342187035635, 0.007314103681228121, 0.007257829604130741, 0.007237250019145196, 0.006920140895194488, 0.006829365540081192, 0.006743341743145686, 0.006864037982402039, 0.0064744360372408945, 0.006761948760290159, 0.006581116881026787, 0.006630599321620198, 0.006431254579177875, 0.006355506852635496, 0.006268677065307984, 0.006274359049605817, 0.006192938648633868, 0.006211227293032902, 0.006437059532318848, 0.005993473815223881, 0.0063504946117837816, 0.006123515931193028, 0.006202318033828224, 0.006218748828547342, 0.006320802843237487, 0.006340357436441256, 0.006158176682979084, 0.006025711002242797, 0.006228128362312664, 0.006358480819456709, 0.006260465336347277, 0.005871465722130575, 0.006063838512736339, 0.005923494007790951, 0.006113610595555024, 0.005890077962635442, 0.006046957535024926, 0.006033624864204977, 0.006118717233748598, 0.006041657811695145, 0.005780107071983301, 0.005851438675105356, 0.005779771401046445, 0.005669560882648596, 0.0058283807742246585, 0.005834272947760456, 0.005950200278579269, 0.0056942742137851355, 0.005801229228500057, 0.005685548690830591, 0.005682656175156091, 0.005644725005043539, 0.0055956902856901455, 0.005509925615281831, 0.005432926027191492, 0.005526532776468863, 0.005313894732829971, 0.0055135165191614955, 0.005562539685089064, 0.005487399391020797, 0.005462625845752895, 0.005596861957094593, 0.005493013589823852, 0.005449700634087748, 0.0055135896481252195, 0.005456856542859436, 0.005455058163517822, 0.00560730485034505, 0.005325840724537677, 0.005561789163819304, 0.0054082865732638765, 0.005354414244072983, 0.005250371736456157, 0.005211205155699894, 0.0052577906395541805, 0.0052604021996977635, 0.005383851187184257, 0.0051206155111671375, 0.005417064535855202, 0.005394121271017478, 0.0055446671769862005, 0.00548318551629636, 0.005388408443285668, 0.005403686438722336, 0.005317775636554311, 0.005390673440001735, 0.005448667496286401, 0.005456871918683227, 0.0054423996031593225, 0.005394897155328229, 0.0054680926706157885, 0.005390547947039094, 0.005285438540329623, 0.005338133913747597, 0.005396034250369553, 0.005379015575496205, 0.0053580726169939275, 0.005419673418133986]

Mean number of hops: 209.33240000000004 ± 3.004194743404012

────────────────────────────────────────────────────────────────────────────────

Evaluation completed successfully.
End time:       2025-10-17T10:35:46.167

────────────────────────────────────────────────────────────────────────────────
