────────────────────────────────────────────────────────────────────────────────
dKMC.jl v1.0 
Charge Transport Module
Github: https://github.com/kassalgroup/dKMC.jl

Daniel Balzer
University of Sydney
Kassal Group: https://www.kassal.group

This dKMC module simulates the movement of a partially delocalised charge 
carrier, either an electron or a hole, in a disordered material. The simulations 
start with a charge in the middle of the lattice and propagate the transport 
dynamics using dKMC.

If this module is used, please cite the following:

1. Balzer, D.; Smolders, T. J. A. M.; Blyth, D.; Hood, S. N.; Kassal, I. 
Delocalised Kinetic Monte Carlo for Simulating Delocalisation-Enhanced Charge 
and Exciton Transport in Disordered Materials. Chemical Science 2021, 12(6), 
2276–2285. 

────────────────────────────────────────────────────────────────────────────────

Julia version:  1.11.4
Start time:     2025-04-28T13:21:49.182

────────────────────────────────────────────────────────────────────────────────
User input:
────────────────────────────────────────────────────────────────────────────────
# Number of computer processes available for parallelisation
number_of_processes: 7

# System parameters
dimension: 1
N: 1000
disorder: 150
electronic_coupling: 75
bath_reorganisation_energy: 100
bath_cutoff_energy : 62
T: 300
site_spacing: 1e-9

# Simulation parameters
landscape_iterations: 1000
trajectory_iterations: 100
accuracy: 0.99
end_time: 1e-10
number_of_sampling_times: 100

────────────────────────────────────────────────────────────────────────────────
Results:
────────────────────────────────────────────────────────────────────────────────
Mobility: 0.020856199293579864 cm²V⁻¹s⁻¹
Mobility error: 0.0017111632478482375 cm²V⁻¹s⁻¹

Sampling times (s): [0.0, 1.0e-12, 2.0e-12, 3.0e-12, 4.0e-12, 5.0e-12, 6.0e-12, 7.0e-12, 8.0e-12, 9.0e-12, 1.0e-11, 1.0999999999999999e-11, 1.2e-11, 1.3e-11, 1.4e-11, 1.5e-11, 1.6e-11, 1.7e-11, 1.8e-11, 1.9e-11, 2.0e-11, 2.1e-11, 2.1999999999999998e-11, 2.2999999999999998e-11, 2.4e-11, 2.5e-11, 2.6e-11, 2.7e-11, 2.8e-11, 2.9e-11, 3.0e-11, 3.0999999999999996e-11, 3.2e-11, 3.3e-11, 3.4e-11, 3.5e-11, 3.6e-11, 3.7e-11, 3.8e-11, 3.9e-11, 4.0e-11, 4.1e-11, 4.2e-11, 4.3e-11, 4.3999999999999997e-11, 4.5e-11, 4.5999999999999996e-11, 4.7e-11, 4.8e-11, 4.9e-11, 5.0e-11, 5.1e-11, 5.2e-11, 5.3e-11, 5.4e-11, 5.5e-11, 5.6e-11, 5.7e-11, 5.8e-11, 5.9e-11, 6.0e-11, 6.1e-11, 6.199999999999999e-11, 6.3e-11, 6.4e-11, 6.5e-11, 6.6e-11, 6.7e-11, 6.8e-11, 6.9e-11, 7.0e-11, 7.1e-11, 7.2e-11, 7.299999999999999e-11, 7.4e-11, 7.5e-11, 7.6e-11, 7.699999999999999e-11, 7.8e-11, 7.9e-11, 8.0e-11, 8.1e-11, 8.2e-11, 8.3e-11, 8.4e-11, 8.5e-11, 8.6e-11, 8.7e-11, 8.799999999999999e-11, 8.9e-11, 9.0e-11, 9.1e-11, 9.199999999999999e-11, 9.3e-11, 9.4e-11, 9.5e-11, 9.6e-11, 9.7e-11, 9.8e-11, 9.9e-11, 1.0e-10]

Mean squared displacements (in nm²) at sampling times: [0.0, 7.590379066565391, 9.251685119034347, 10.360607354836564, 11.218794226323856, 11.923628483081078, 12.55640891876223, 13.133512621944503, 13.57972345528189, 14.060008682073343, 14.47925236663879, 14.878442194905862, 15.261790711057497, 15.581397541580188, 15.86169760952035, 16.161435569807555, 16.47522651387848, 16.768550984235453, 17.09783150559696, 17.362509053889855, 17.57587366157326, 17.816853320881865, 18.068186739533164, 18.268983477835786, 18.481848352358117, 18.72079291262933, 18.93689901354266, 19.121997956592644, 19.292659192517277, 19.474369850716997, 19.678372063204232, 19.86179736104371, 20.046274533728223, 20.20946944002418, 20.43570730694118, 20.583724798127445, 20.757610780515858, 20.90312318872824, 21.077921292846828, 21.21946015559283, 21.33545766074844, 21.532723395234925, 21.640693167855492, 21.824970250061533, 21.961492976415812, 22.13976801142774, 22.271953764840603, 22.3997931110144, 22.54364004066241, 22.68911015675378, 22.877752171061818, 23.028169067948156, 23.143835173387725, 23.279481637960814, 23.409723863297735, 23.515795730617725, 23.641600511042483, 23.782193586492916, 23.952984203790667, 24.116580219001342, 24.22696303268337, 24.282783723286073, 24.471944737628913, 24.583964127166496, 24.71097386959219, 24.82882893918582, 24.944871180499614, 25.038210863155562, 25.158792025247994, 25.244447359035476, 25.353490582700587, 25.431672085321964, 25.541599423178628, 25.700816111235067, 25.78160610772744, 25.90913907701765, 25.97577422917881, 26.065678870266954, 26.22222331397068, 26.305218622924723, 26.406519685535564, 26.4947195759085, 26.582165978524536, 26.705733240719724, 26.82413865276095, 26.977146232249673, 27.066425855066516, 27.116219459365492, 27.173211653277335, 27.3052746545674, 27.412699573115297, 27.488964946997886, 27.53677110327329, 27.691880432486563, 27.728908816494645, 27.865313329569457, 27.95599327935627, 28.037573267667995, 28.10761713171183, 28.181282993729717, 28.221721001342495]
Standard errors of the squared displacements (in nm²) at sampling times: [0.0, 0.2810922802281574, 0.3384136840022831, 0.38127563135773435, 0.4139351302350538, 0.4426118009209986, 0.46772213355566583, 0.4913919566855128, 0.5098355999255624, 0.5294901658787144, 0.5450212918249701, 0.5589295148348101, 0.5735631570187252, 0.5863173709329988, 0.5949348959824153, 0.6052799300286962, 0.6156906408847678, 0.6253867135106588, 0.6361934086781934, 0.6474257360572461, 0.6562199155162146, 0.6645452496623842, 0.6725816043002303, 0.679787646101479, 0.684894933322106, 0.6930507296141105, 0.7002326136926275, 0.7075726947047427, 0.7126109719938749, 0.7183518283875916, 0.7261331249286993, 0.7315714620136958, 0.7372918108586993, 0.7450444914145393, 0.7531262661163768, 0.7596928501164883, 0.765413258339715, 0.7703627058831294, 0.778403357371898, 0.7815426929063253, 0.7836033788096889, 0.7926398660033227, 0.7959082245659976, 0.8020667174932963, 0.8071702752166438, 0.8152143652241076, 0.8193076325453919, 0.8252027470948362, 0.8311188619217439, 0.8346892614743393, 0.8439403305529263, 0.8497927224272322, 0.855281782234139, 0.8583211374998669, 0.8675145125999193, 0.8726294384672305, 0.876687145145272, 0.8835468855145319, 0.8902449510468963, 0.8971120230642501, 0.9020334799190778, 0.9039201399692106, 0.9118905734480024, 0.9173032077712152, 0.9219584787911071, 0.9244178352085202, 0.9309612815420658, 0.9355565869147624, 0.9401963124994349, 0.9421814202483156, 0.9463352157776618, 0.9482661225282176, 0.9528041354410298, 0.9591282368137927, 0.9637116561782079, 0.9689553331712369, 0.9712164749519302, 0.9771106721148788, 0.9832295414179958, 0.9842392802679966, 0.9873957494767223, 0.9897375742984628, 0.9947887429062464, 0.9997191131828012, 1.002960385592634, 1.0069520064302404, 1.0091989935621113, 1.0112116187687, 1.0138127454773358, 1.0195029477737036, 1.0221486516155383, 1.0262836470622039, 1.0289721350194188, 1.0342835063805027, 1.0362667843521167, 1.0413716216678313, 1.0451346160352937, 1.0470600408572148, 1.0495776530654113, 1.0518856237066314, 1.0526161208525298]

Mean energies (in meV) at sampling times: [-103.82273450274059, -295.63149246027916, -303.6666055784106, -308.08575286094054, -310.88666125054425, -312.98129668472495, -314.7882882209478, -316.00546792919374, -317.34070283565626, -318.33594518870063, -319.3001150291246, -320.0964959164332, -320.7638673945607, -321.4409652461564, -322.0462614569787, -322.6045762995069, -323.1896340967382, -323.72361814354707, -324.403449544531, -324.9374996538195, -325.2616554614966, -325.7085028597434, -326.0029834895065, -326.57667822637524, -326.92063768880035, -327.24381209427247, -327.7725582452957, -328.0055989737407, -328.2579076880636, -328.5720718923718, -328.79852780832, -329.1427557974564, -329.30827172953633, -329.57422502372714, -329.8588338036117, -330.12426008504355, -330.2973065905161, -330.6366097652939, -330.92813263573646, -331.0949466466183, -331.23210886782465, -331.6132554979064, -331.8077815465722, -331.9158954619777, -332.17985114537584, -332.290322650672, -332.5645940288225, -332.64690628708456, -332.9371243032575, -333.0851719803245, -333.24440549312857, -333.3569608639833, -333.59750736455373, -333.7629206522791, -333.9799939221721, -334.10769644909493, -334.1624501579591, -334.4460664922938, -334.4672883570764, -334.6966697125194, -335.0271620796693, -334.9547148001312, -335.1671620004938, -335.22511486756747, -335.4211234763284, -335.6527304495523, -335.78653752592726, -336.0129114498616, -336.1376363812612, -336.17985233277864, -336.32308065677256, -336.4164233258035, -336.6853293841061, -336.7528528117852, -336.8558052096248, -337.0713158918684, -337.195895629259, -337.2499647504732, -337.48279691633957, -337.4626448177538, -337.6561815791608, -337.7280417724582, -337.82048481201275, -337.96890786220973, -338.0513550546258, -338.06079265164027, -338.15766569224326, -338.2846691411484, -338.4652080834666, -338.55579863037485, -338.70975228425283, -338.7371322380643, -338.7840597630199, -338.8984600082896, -339.1423923444779, -339.21094211262516, -339.3384846938127, -339.3351687501274, -339.4806825127609, -339.53944037600115, -339.5987495715024]
Standard errors of the energies (in meV) at sampling times: [4.786919532910714, 2.5528539924282314, 2.517249150757606, 2.505500773052273, 2.491628055281157, 2.4838563418253927, 2.46941515592541, 2.45758224420328, 2.4484085598900385, 2.4406009919649136, 2.4324546236921716, 2.424734322588987, 2.4161935206263414, 2.410018496839183, 2.40290223621425, 2.397432901066202, 2.3935678721109634, 2.3916785455915797, 2.3855657560150116, 2.3834524719124692, 2.379437994321662, 2.3762613981387144, 2.3777413604546718, 2.372069095647379, 2.370682071156817, 2.3676248312410437, 2.3638107738493117, 2.362951333961713, 2.3589052971983797, 2.3570576300119574, 2.353422537291893, 2.352654048866068, 2.3468429402191573, 2.347337775137187, 2.344943256690812, 2.3438790490963908, 2.3419241097954395, 2.341310995454402, 2.3392055705465045, 2.3370839377140924, 2.334375159213285, 2.3338342975025967, 2.3295575643696114, 2.3305768247855694, 2.3293405311397573, 2.3292944313361756, 2.3229146063530104, 2.327716583905028, 2.323580833658809, 2.3241083756900585, 2.3195803259148406, 2.318516625412411, 2.3143720323211046, 2.312979029804897, 2.31370942399328, 2.312504981865982, 2.3113310765689064, 2.310514889843009, 2.310418526637557, 2.311017664423235, 2.3079802615049108, 2.3110323489716085, 2.3056583378792834, 2.307176306427037, 2.3088489762353346, 2.3036936058915845, 2.302265897654659, 2.2989329211935674, 2.301632948505601, 2.299517949385968, 2.2975771389651007, 2.2993940103103987, 2.296935644876223, 2.2950042625588445, 2.2974379992307625, 2.29708111062468, 2.2951365170150675, 2.292663613647963, 2.29140681347955, 2.291122659512952, 2.291096201365627, 2.2887915021846172, 2.2883974797183657, 2.286379725992088, 2.287666705201311, 2.287225164747166, 2.285642663729005, 2.2836766793095937, 2.282057013972663, 2.2838823384829587, 2.2800576421565037, 2.2823366135849077, 2.2822247484837157, 2.2819303600768963, 2.2801421984064527, 2.2777266877590416, 2.2783758726582235, 2.2787475995745408, 2.2787771648754807, 2.277725569234728, 2.278385247230738]

Mean IPRs at sampling times: [1.5164604389681167, 1.3059816129038648, 1.2920855960550273, 1.284621333649604, 1.2808628835018343, 1.278991848879068, 1.2756332541788962, 1.2745399868800928, 1.2725477744455616, 1.2703532290259607, 1.2696552149518383, 1.2682216618599085, 1.2681444356876903, 1.2676401498492003, 1.2659158832927855, 1.2654725521315027, 1.2647349362550806, 1.2634311324069625, 1.2630762074512907, 1.2620911477001342, 1.2613303605673158, 1.261433541283221, 1.261474568493615, 1.2593403193033816, 1.2593564796414563, 1.2581015678993879, 1.2577274422160831, 1.2579873394971262, 1.257273598301279, 1.2573901385835935, 1.2570140248690043, 1.2567626769299267, 1.2559385387416195, 1.2557523035638154, 1.2551915693383195, 1.2543877377147568, 1.2544270821502572, 1.2546206389819328, 1.2542313783690002, 1.2538478990250457, 1.254432437909197, 1.2529732939067926, 1.2526390580818432, 1.253415269252988, 1.2524756946350102, 1.2526762682951083, 1.2518150506467582, 1.2524326047670107, 1.2516769901015938, 1.2514910016129337, 1.2509693892709102, 1.251598181553586, 1.2503627940281328, 1.2501226867999535, 1.250566788099147, 1.249503267699704, 1.250068001119979, 1.2484941768886482, 1.248480373260247, 1.2483648307038429, 1.2477846633394345, 1.249514044542209, 1.248031850586436, 1.2491643872983482, 1.2494519634040264, 1.2481792830751395, 1.2478292499693207, 1.248370174345338, 1.2482348771493783, 1.2471607687738715, 1.247131450242644, 1.2467161118417829, 1.2461294344873772, 1.2462021226665494, 1.2461231003316042, 1.246013414500095, 1.245151199847549, 1.2458405354490065, 1.2451173108535825, 1.2448565169480472, 1.245955018825854, 1.2451028403661903, 1.2449281304334172, 1.244582465346415, 1.245523293240795, 1.2447844345893258, 1.2456337710634726, 1.2445764935651085, 1.2448152199957556, 1.244961170756962, 1.2445308928620358, 1.244324848502195, 1.2447719305669604, 1.245329040315017, 1.2447349889498571, 1.2440350772542896, 1.244227427951275, 1.2445486723597967, 1.2438423892606039, 1.2428439551605286, 1.242607328148387]
Standard errors of the IPRs at sampling times: [0.018074324237279518, 0.01025755453371094, 0.009927835207065205, 0.009761554885364296, 0.00966141838935859, 0.009638910922279701, 0.009521787057628772, 0.009508843996283973, 0.009452353368141401, 0.009353547346424018, 0.009356596423993656, 0.00926504604823391, 0.009313017081232482, 0.009292819201789081, 0.009242446206167775, 0.009185606563720906, 0.00921133991274902, 0.009152105369262602, 0.009172304767151125, 0.009139878362155754, 0.009114072538447794, 0.009096880013812845, 0.009103449464356792, 0.009055203263383329, 0.009075247527015754, 0.00904307511095789, 0.009050963950547053, 0.009038107645322611, 0.009068244293619328, 0.00905837903767404, 0.009046604759129407, 0.009095093031156761, 0.009044294251337803, 0.009045510829228309, 0.009053166832006293, 0.008965912843912417, 0.009017572028217328, 0.009002003021380519, 0.009045822378881579, 0.008991127208743978, 0.009005843353986005, 0.009031467697110596, 0.009059586462185569, 0.009055441754261767, 0.009003060007710041, 0.00899552928670289, 0.009028057937685624, 0.0089722795226638, 0.009079486487952319, 0.008938015765154812, 0.008962691152274977, 0.008979520573357313, 0.008912670325263059, 0.00902334790238779, 0.009031491091891438, 0.008957122453621845, 0.008973025010459714, 0.008887945796874352, 0.008907842901360827, 0.00892851319832788, 0.008899598879445412, 0.008956776418377195, 0.008899810104323018, 0.00894897821608835, 0.009032837319570898, 0.008958132419983606, 0.008924090995815363, 0.008978627371720097, 0.008968280272913643, 0.008954864444153242, 0.008882740711173237, 0.008884354997240534, 0.008854164493128196, 0.008892912705408177, 0.008903899663706843, 0.008865193221256609, 0.008833350428723068, 0.008901273211079856, 0.008886119002683667, 0.008875145180077652, 0.008933868072975441, 0.008853382026199178, 0.008879841789855443, 0.008867792377772882, 0.008872237875426474, 0.008871301244064156, 0.008894320757874857, 0.008845488743438247, 0.00891849054354316, 0.008929688779901954, 0.008903939795994298, 0.00886586021290159, 0.008913211412495538, 0.008939273830967116, 0.008927870422622466, 0.008832186143070327, 0.008918096221064606, 0.008927837044518548, 0.008903224586174461, 0.008817584141331547, 0.00880725540323999]

Mean number of hops: 493.17958999999996 ± 17.576020890818445

────────────────────────────────────────────────────────────────────────────────

Evaluation completed successfully.
End time:       2025-04-28T13:35:54.363

────────────────────────────────────────────────────────────────────────────────
