────────────────────────────────────────────────────────────────────────────────
dKMC.jl v1.0
Exciton Transport Module
Github: https://github.com/kassalgroup/dKMC.jl

Daniel Balzer
University of Sydney
Kassal Group: https://www.kassal.group

This dKMC module simulates the movement of a partially delocalised exciton in a 
disordered material. The simulations start with an exciton in the middle of the 
lattice and propagate the transport dynamics using dKMC. 

If this module is used, please cite the following:

1. Balzer, D.; Kassal, I. Mechanism of Delocalization-Enhanced Exciton Transport 
in Disordered Organic Semiconductors. Journal of Physical Chemisry Letters 2023, 
14(8), 2155-2162.

────────────────────────────────────────────────────────────────────────────────

Julia version:  1.11.4
Start time:     2025-04-28T13:39:44.564

────────────────────────────────────────────────────────────────────────────────
User input:
────────────────────────────────────────────────────────────────────────────────
# Number of computer processes available for parallelisation
number_of_processes: 7

# System parameters
dimension: 1
N: 1000
exciton_disorder: 30
transition_dipole_moment: 10
epsilon_r: 3.5 
exciton_bath_reorganisation_energy: 150
exciton_bath_cutoff_energy: 62
T: 300
site_spacing: 1e-9

# Simulation parameters
landscape_iterations: 1000
trajectory_iterations: 100
accuracy: 0.99
end_time: 1e-10 
number_of_sampling_times: 100

────────────────────────────────────────────────────────────────────────────────
Results:
────────────────────────────────────────────────────────────────────────────────
Diffusion coefficient: 0.002020895023789603 cm²s⁻¹
Diffusion coefficient error: 3.4091761292393996e-5 cm²s⁻¹

Sampling times (s): [0.0, 1.0e-12, 2.0e-12, 3.0e-12, 4.0e-12, 5.0e-12, 6.0e-12, 7.0e-12, 8.0e-12, 9.0e-12, 1.0e-11, 1.0999999999999999e-11, 1.2e-11, 1.3e-11, 1.4e-11, 1.5e-11, 1.6e-11, 1.7e-11, 1.8e-11, 1.9e-11, 2.0e-11, 2.1e-11, 2.1999999999999998e-11, 2.2999999999999998e-11, 2.4e-11, 2.5e-11, 2.6e-11, 2.7e-11, 2.8e-11, 2.9e-11, 3.0e-11, 3.0999999999999996e-11, 3.2e-11, 3.3e-11, 3.4e-11, 3.5e-11, 3.6e-11, 3.7e-11, 3.8e-11, 3.9e-11, 4.0e-11, 4.1e-11, 4.2e-11, 4.3e-11, 4.3999999999999997e-11, 4.5e-11, 4.5999999999999996e-11, 4.7e-11, 4.8e-11, 4.9e-11, 5.0e-11, 5.1e-11, 5.2e-11, 5.3e-11, 5.4e-11, 5.5e-11, 5.6e-11, 5.7e-11, 5.8e-11, 5.9e-11, 6.0e-11, 6.1e-11, 6.199999999999999e-11, 6.3e-11, 6.4e-11, 6.5e-11, 6.6e-11, 6.7e-11, 6.8e-11, 6.9e-11, 7.0e-11, 7.1e-11, 7.2e-11, 7.299999999999999e-11, 7.4e-11, 7.5e-11, 7.6e-11, 7.699999999999999e-11, 7.8e-11, 7.9e-11, 8.0e-11, 8.1e-11, 8.2e-11, 8.3e-11, 8.4e-11, 8.5e-11, 8.6e-11, 8.7e-11, 8.799999999999999e-11, 8.9e-11, 9.0e-11, 9.1e-11, 9.199999999999999e-11, 9.3e-11, 9.4e-11, 9.5e-11, 9.6e-11, 9.7e-11, 9.8e-11, 9.9e-11, 1.0e-10]

Mean squared displacements (in nm²) at sampling times: [0.0, 2.058122757531995, 3.3391239708245752, 4.419133957560428, 5.3523659657414395, 6.180419596115324, 6.9845031272268185, 7.7445734281675715, 8.49496738156487, 9.218818936545414, 9.923713767059176, 10.567700112537784, 11.21958116136167, 11.810438100836928, 12.436004217635274, 13.055526773403788, 13.648627491104525, 14.180281538911107, 14.760524365377448, 15.357809696672598, 15.917669514732738, 16.391110725102035, 16.952108533570808, 17.534080760884034, 18.046360170086082, 18.54673860197917, 19.03504683503343, 19.59234839111149, 20.165683078105797, 20.608047735287542, 21.129502917701732, 21.69138412355055, 22.116467206967283, 22.683584904404118, 23.218087496471977, 23.70606844794427, 24.163722554577, 24.593605305881617, 25.135232786519246, 25.628431794312444, 26.165691115072686, 26.674932284762235, 27.141507810762054, 27.642024140231694, 28.151286040631273, 28.618066829408086, 29.095234339227293, 29.49189539261614, 29.880369237295405, 30.31133315336799, 30.817366632341468, 31.24010543607944, 31.61319905976487, 31.97703603452752, 32.46060720131176, 32.893035250772485, 33.27314585523055, 33.6712478525273, 34.137201570935716, 34.64556347032701, 35.023773257951106, 35.45273832098077, 35.90092310801715, 36.26859608216554, 36.66921092818464, 37.11895338952247, 37.48530667703602, 37.87404135391456, 38.321696061886186, 38.71502842694727, 39.07304202052998, 39.63875139646863, 40.06102677362781, 40.4939891180568, 40.887806099341184, 41.27531623323766, 41.56134951030919, 42.08059259815958, 42.44838042621634, 42.82617422477858, 43.25683324268071, 43.67212784038202, 44.06471673641871, 44.39966347497274, 44.753631019756966, 45.195192625952984, 45.580337508238436, 46.03969782218873, 46.30851882018609, 46.75446368438516, 47.101215972925786, 47.49254795197799, 47.92373045500965, 48.26287315059834, 48.65081670748927, 48.95039826131976, 49.3623412450258, 49.70432576221317, 50.12881274027819, 50.61186608742335, 51.01511297211091]
Standard errors of the mean squared displacements (in nm²) at sampling times: [0.0, 0.0505970975279434, 0.07801933747230488, 0.0998387529245596, 0.11794044412433666, 0.13468963317584318, 0.1504208223624874, 0.1644237953529738, 0.17707783904553803, 0.19291855191100057, 0.20741038960019043, 0.2195786780982071, 0.23008808209345444, 0.24010689177926622, 0.25386437654711164, 0.2640998507180898, 0.2759554169059731, 0.2839197362210713, 0.29616435545111636, 0.3063767052883372, 0.3166088700420671, 0.3233353157054439, 0.33411318351185476, 0.3439674664420755, 0.353257841977204, 0.3623566589374284, 0.37018581215761537, 0.38263694851387414, 0.39340621919181296, 0.4004855955533516, 0.4101392851899373, 0.4200850021597451, 0.42643351611342184, 0.4383658880294469, 0.4477366899066734, 0.4608545378543425, 0.4680511031298947, 0.4743914159372445, 0.48216973385080186, 0.4897969144143958, 0.5007062262698128, 0.5072454852144149, 0.5165146881255175, 0.5268916704386801, 0.5353627093777988, 0.5432980841909613, 0.5518238454733694, 0.5575749256751155, 0.5627461295777452, 0.570899858322165, 0.5788171741599285, 0.5847762415733014, 0.5877941425403989, 0.5930682569969616, 0.6027646560005524, 0.6077512916961066, 0.6124669853322671, 0.6186889156806932, 0.626443498273542, 0.6350928351673153, 0.6399323829897892, 0.6470856035259154, 0.6550304399496744, 0.6613745608226798, 0.6658064161603616, 0.6714242607843284, 0.6777842497974648, 0.6816302979014172, 0.6877486133834295, 0.6917892786451741, 0.7011566877305729, 0.7117298461296138, 0.719562726141017, 0.7262876622251098, 0.7310372147729676, 0.7372224949130521, 0.7428975371209416, 0.75081149593313, 0.757145491689462, 0.7588557688057754, 0.7656604183367092, 0.7751616724797841, 0.7819356032546266, 0.7816756693869747, 0.7866902731129416, 0.7945872812611262, 0.8000888922580217, 0.8066291700092513, 0.806437588068422, 0.8149373615101618, 0.8197796771662217, 0.8264702247155352, 0.8307803962318351, 0.83512088913178, 0.8439315132771277, 0.8499073287834576, 0.8575889467840946, 0.8642991088598146, 0.8718762608297332, 0.8808228946390259, 0.8892681267995741]

Mean energies (in meV) at sampling times: [-150.15770534216924, -165.71329544666523, -168.30495645890184, -169.67058175229428, -170.7311739296224, -171.36208696354154, -171.98386017544752, -172.35439041757454, -172.84671875665444, -173.1671213334004, -173.44851498860663, -173.649708629596, -173.9592140893644, -174.20369811449777, -174.37113495211156, -174.49590691526407, -174.66798694860938, -174.8800400339474, -174.88686785898022, -175.07427995663548, -175.18972173301614, -175.34399033929898, -175.38598382996162, -175.49532238891413, -175.71394535054972, -175.88627799277683, -175.80864288892138, -175.9091657742875, -176.01892038425314, -176.09399328456854, -176.14992614298018, -176.1949093457849, -176.23254937019098, -176.3639895344556, -176.4192679426615, -176.5804822899415, -176.57558256535722, -176.48811371978837, -176.6119347680666, -176.7043973711039, -176.7233317781717, -176.85641596233853, -176.98688065112194, -177.01094534897499, -177.17006530389662, -177.09259968769504, -177.06911161175765, -177.06757494227887, -177.2576617844364, -177.27291099236808, -177.25140679798648, -177.29604016841364, -177.2346099070353, -177.34257659785362, -177.43492912827264, -177.48981196455188, -177.50925124766653, -177.48959253358825, -177.63676380287944, -177.63211565659418, -177.64351492811508, -177.77691562034585, -177.9045266644626, -177.89316405508313, -177.80102132082396, -177.77518265979035, -177.86394973788603, -178.01113787150712, -177.97819864806024, -177.9621449753332, -177.99449665405615, -177.9917136327812, -178.02422495401956, -178.05963153635616, -178.1158451516909, -178.1604498270325, -178.1066629428592, -178.17469400818433, -178.15916704176897, -178.2268149880587, -178.18945138296084, -178.26816025545924, -178.3145631014332, -178.22930938421766, -178.2633791181776, -178.28630962338633, -178.35938687398968, -178.30572359659737, -178.43758067690078, -178.46209308401396, -178.50583491865544, -178.51205210227263, -178.3791753035824, -178.45399850566412, -178.4399335745117, -178.5300669824539, -178.58617775686412, -178.60983741038865, -178.63675540429554, -178.59980901273886, -178.64774165425953]
Standard errors of the mean energies (in meV) at sampling times: [0.9448694842353996, 0.6286591613907931, 0.5927503319733648, 0.5695082001129859, 0.5587609325292596, 0.5456904674483563, 0.5350760938322272, 0.5316757502799052, 0.526618240177452, 0.5180910941729242, 0.5126670945426536, 0.507873996636708, 0.5048546229788332, 0.5000976458006591, 0.49811467031338624, 0.49574729661812234, 0.49387486762774, 0.48912218862699963, 0.4866434049175019, 0.48285927333776407, 0.4781220552261415, 0.47998679319481813, 0.47836918841389564, 0.4736532387856276, 0.4716485696406697, 0.47016380923213447, 0.4677128771100978, 0.46845091973272496, 0.466032403850819, 0.46603372030151363, 0.4675348768303135, 0.46375907506699743, 0.46326239963898597, 0.4612511595271226, 0.4577100957244891, 0.4526724837231256, 0.4548661246053281, 0.4531401044374917, 0.45050243416954094, 0.450977835935908, 0.45133107554038115, 0.45019292971642594, 0.44522016039740353, 0.4425602962371307, 0.4416003156665656, 0.44290631660245233, 0.4378198221051517, 0.43997104217855876, 0.44216232110915443, 0.43915424241336243, 0.43685669835110025, 0.43742227709691617, 0.43774211962600995, 0.4370743650435264, 0.4366394474248312, 0.4373519451971297, 0.4342056222813077, 0.43260646832764105, 0.4323224131980679, 0.4341961364493737, 0.4283512138470251, 0.4316857324756506, 0.4284715235254302, 0.43110450888175356, 0.4286439819176704, 0.42392091261094506, 0.425969135655401, 0.42426965478745604, 0.424145923321785, 0.41919763286085665, 0.4220170949257864, 0.4213838342456222, 0.4178717041795287, 0.41643961167169186, 0.41990309211934485, 0.41626949178794564, 0.41816977248031256, 0.4195040198420737, 0.4196362046762843, 0.41851838994804397, 0.41496074008811695, 0.4143552050466434, 0.41572443290005295, 0.41306516385730624, 0.4128609630492227, 0.41082636501958625, 0.4141699855267573, 0.4110990220493229, 0.4120544530435698, 0.41093985173560305, 0.41047683257475376, 0.40971159014767383, 0.4080037566159425, 0.4089205881134722, 0.4036775771729072, 0.4062118045658843, 0.40515197379464774, 0.4061911298527654, 0.40379183988024797, 0.40492763292992645, 0.40233670335078253]

Mean IPRs at sampling times: [1.2444485139022081, 1.227865505481381, 1.2223346141288622, 1.2187091365278082, 1.2146399271910853, 1.215339189819993, 1.2137890444259078, 1.214031422346341, 1.2132296528043147, 1.2115017424828773, 1.2106045117331954, 1.2098210942094072, 1.2110047948278393, 1.2102190470918437, 1.2104549110607001, 1.2104794660109846, 1.2098418828197508, 1.2094687868325553, 1.2096691281337535, 1.2111891651049522, 1.2099053980245396, 1.208822299662811, 1.208745554049842, 1.209342005860018, 1.2095595667056307, 1.2073742166555401, 1.2087823139132106, 1.2086175996672464, 1.2069237591884443, 1.2091604883110836, 1.20874031577139, 1.2081901562859263, 1.2076476624486956, 1.2068646384337625, 1.2073371210487662, 1.2055141014283395, 1.2070758009869473, 1.2084652224435013, 1.2063206136274156, 1.206270199898698, 1.20608915211496, 1.206480086826304, 1.2063959709185317, 1.2063895818965398, 1.206122541090919, 1.2054308839500323, 1.206025713984518, 1.206256032001324, 1.2072372823151807, 1.2059676357915436, 1.2057397384169084, 1.2056749004250247, 1.2050400791934923, 1.204735379515446, 1.2040167284740488, 1.2039761466994063, 1.2041490921525424, 1.2048888476290158, 1.2047659358003646, 1.2048660806491198, 1.2040754241710174, 1.203890775817769, 1.2040269259973888, 1.202949132245616, 1.2046770984208908, 1.204404337998851, 1.2039519535853889, 1.2033035233373002, 1.2036501417668963, 1.2025440278415043, 1.2019233444933637, 1.2020531712892812, 1.203041466880994, 1.2020499159128355, 1.2038317942728194, 1.202303858621334, 1.2049121088813448, 1.2026228069850395, 1.2033651914936085, 1.2038536523225989, 1.2044669664081016, 1.2037297314948756, 1.2019299974125792, 1.2021951669032986, 1.2024209903092091, 1.2032878826250157, 1.203351198075699, 1.2033965400116267, 1.2032081949000488, 1.203480294605178, 1.2025753230067888, 1.2018026677274933, 1.2022705748444686, 1.2020192250765975, 1.2033606680519162, 1.2020018770163892, 1.20016491543813, 1.2024157887847755, 1.2031077779347816, 1.202936502725807, 1.2013359222996072]
Standard errors of the mean IPRs at sampling times: [0.012108992864878154, 0.008333347237304682, 0.007627260759965133, 0.007197874179526444, 0.006923776070537996, 0.006731430258465774, 0.006527392952633344, 0.006458407826796641, 0.006346011954459649, 0.006212847464025904, 0.006196479290202985, 0.006072604509285959, 0.006014655985125162, 0.005950005245420416, 0.005946780745845251, 0.005859664498344029, 0.005794425562361283, 0.005794516411385358, 0.00574209827552785, 0.0057772231549599925, 0.005653219432008741, 0.005650642466856092, 0.005612305123822289, 0.005590953060804918, 0.005607505737083467, 0.005464398815634817, 0.005510035533336175, 0.005516549955129091, 0.005407516371030908, 0.005464623224404775, 0.00535974523627179, 0.005330134955342994, 0.005324922267307706, 0.005269420082018111, 0.005289556253095835, 0.005207329912664619, 0.005257326658954058, 0.005286340363088084, 0.005185033200716304, 0.005169346141773705, 0.005135898143163907, 0.0051284789995639304, 0.005096024497739192, 0.005131699186085078, 0.005150713868614623, 0.005054831784695392, 0.0050620461651151106, 0.005057329986979262, 0.0050762663797285935, 0.005033115585247047, 0.004923020291486427, 0.0049866159510167886, 0.004925030835447571, 0.004945197880360875, 0.004949544808127747, 0.004929111219912331, 0.004906495237315988, 0.004904589988160296, 0.004886545057907841, 0.004843622727841158, 0.004864167464904248, 0.004871655017640871, 0.004849097602276684, 0.004823270917510123, 0.004871379490644014, 0.004855362221137007, 0.004847026742769742, 0.00481098363663269, 0.0047849166470863395, 0.004745411314122745, 0.00472036290698189, 0.004722738523851963, 0.0046563127189744756, 0.004673428590185354, 0.004790357873678761, 0.004677577443120124, 0.004804532910133935, 0.0047181803432473175, 0.0047344131208117675, 0.004752197010024137, 0.0047798225918447386, 0.0047404500525717735, 0.004666492959425308, 0.0046607346093471055, 0.004614263229001214, 0.0047023873398887904, 0.004697503062643199, 0.0046615242834544945, 0.004668243748802764, 0.0046997439876449755, 0.004606331003260058, 0.004588122821309318, 0.004628258423114264, 0.004592422196347476, 0.004605066150512571, 0.004592667176979936, 0.00453992628250367, 0.004628242755778203, 0.004610829717822033, 0.004628075694219902, 0.004557275457202986]

Mean number of hops: 206.52216000000004 ± 2.8301995100347614

────────────────────────────────────────────────────────────────────────────────

Evaluation completed successfully.
End time:       2025-04-28T13:51:15.860

────────────────────────────────────────────────────────────────────────────────
