────────────────────────────────────────────────────────────────────────────────
dKMC.jl v1.0
Charge Separation Module
Github: https://github.com/kassalgroup/dKMC.jl

Daniel Balzer
University of Sydney
Kassal Group: https://www.kassal.group

This dKMC module simulates the separation of a partially delocalised 
electron-hole pair from an interfacial charge-transfer (CT) state to free 
charges. The simulations start from an interfacial CT state, i.e., an electron 
and a hole on neighbouring molecules on the opposite sides of an interface 
between the electron-donor and electron-acceptor materials. The simulation then 
uses dKMC to propagate the separation dynamics, with the electron constrained 
to the acceptor and the hole to the donor, until the charges either recombine 
or separate.

If this module is used, please cite the following:

1. Balzer, D.; Kassal, I. Even a Little Delocalisation Produces Large Kinetic 
Enhancements of Charge-Separation Efficiency in Organic Photovoltaics. Science 
Advances 2022, 8, eabl9692.

────────────────────────────────────────────────────────────────────────────────

Julia version:  1.11.4
Start time:     2025-10-17T10:40:23.937

────────────────────────────────────────────────────────────────────────────────
User input:
────────────────────────────────────────────────────────────────────────────────
# Number of computer processes available for parallelisation
number_of_processes: 7

# System parameters
dimension: 1
N: 100
acceptor_electron_disorder: 150
donor_hole_disorder: 150
donor_HOMO_acceptor_LUMO_gap: 1600
acceptor_electron_coupling: 75
donor_hole_coupling: 75
epsilon_r: 3.5
site_spacing: 1e-9 
CT_lifetime: 1e-10
electron_bath_reorganisation_energy: 100
hole_bath_reorganisation_energy: 100
electron_bath_cutoff_energy: 62
hole_bath_cutoff_energy: 62 
T: 300 

# Simulation parameters
landscape_iterations: 1000
trajectory_iterations: 10
accuracy: 0.99
separation_cutoff: 5e-9
maximum_hops_cutoff: 10000

────────────────────────────────────────────────────────────────────────────────
Results:
────────────────────────────────────────────────────────────────────────────────
All uncertanties included below are standard errors of the mean.

Internal quantum efficiency: 0.5608000000000006 ± 0.013903836761005005

Proportion of all possible outcomes:
    1. Separation: 0.5608000000000006 ± 0.013903836761005005
    2. Recombination: 0.4243999999999998 ± 0.013812147386102402
    3. Exceeded maximum hops cutoff: 0.014799999999999989 ± 0.0025782954849294815
    4. Reached the edge of the system: 0.0 ± 0.0

Mean characteristics of the initial state:
    Energy (meV): 988.0407345228666 ± 6.865275295681517
    Inverse participation ratio: 1.361754907086774 ± 0.015273713519934584
    Electron-hole separation (nm): 1.1911304194503036 ± 0.00815107464775264

For trajectories where charges separate:
    Mean separation time (s): 1.6574078041154288e-10 ± 2.4990962756195374e-11
    Mean characteristics of the initial state:
        Energy (meV): 1065.2899429462027 ± 6.724077075835085
        Inverse participation ratio: 1.4573699274347776 ± 0.01924379774951231
        Electron-hole separation: 1.24412198491476 ± 0.010312383589332548
    Mean characteristics of the final state:
        Energy (meV): 1056.0843915095345 ± 5.056679871314323
        Inverse participation ratio: 1.8005410316664203 ± 0.02678623378502408
        Electron-hole separation (nm): 5.865656614829785 ± 0.02069421526904441

────────────────────────────────────────────────────────────────────────────────

Evaluation completed successfully.
End time:       2025-10-17T10:46:06.168

────────────────────────────────────────────────────────────────────────────────
