────────────────────────────────────────────────────────────────────────────────
dKMC.jl v1.0 
Charge Transport Module
Github: https://github.com/kassalgroup/dKMC.jl

Daniel Balzer
University of Sydney
Kassal Group: https://www.kassal.group

This dKMC module simulates the movement of a partially delocalised charge 
carrier, either an electron or a hole, in a disordered material. The simulations 
start with a charge in the middle of the lattice and propagate the transport 
dynamics using dKMC.

If this module is used, please cite the following:

1. Balzer, D.; Smolders, T. J. A. M.; Blyth, D.; Hood, S. N.; Kassal, I. 
Delocalised Kinetic Monte Carlo for Simulating Delocalisation-Enhanced Charge 
and Exciton Transport in Disordered Materials. Chemical Science 2021, 12(6), 
2276–2285. 

────────────────────────────────────────────────────────────────────────────────

Julia version:  1.11.4
Start time:     2025-10-17T10:29:07.899

────────────────────────────────────────────────────────────────────────────────
User input:
────────────────────────────────────────────────────────────────────────────────
# Number of computer processes available for parallelisation
number_of_processes: 7

# System parameters
dimension: 1
N: 1000
disorder: 150
electronic_coupling: 75
bath_reorganisation_energy: 100
bath_cutoff_energy : 62
T: 300
site_spacing: 1e-9

# Simulation parameters
landscape_iterations: 1000
trajectory_iterations: 10
accuracy: 0.99
end_time: 1e-10
number_of_sampling_times: 100

────────────────────────────────────────────────────────────────────────────────
Results:
────────────────────────────────────────────────────────────────────────────────
Mobility: 0.023698657142692134 cm²V⁻¹s⁻¹
Mobility error: 0.0022433610457328573 cm²V⁻¹s⁻¹

Sampling times (s): [0.0, 1.0e-12, 2.0e-12, 3.0e-12, 4.0e-12, 5.0e-12, 6.0e-12, 7.0e-12, 8.0e-12, 9.0e-12, 1.0e-11, 1.0999999999999999e-11, 1.2e-11, 1.3e-11, 1.4e-11, 1.5e-11, 1.6e-11, 1.7e-11, 1.8e-11, 1.9e-11, 2.0e-11, 2.1e-11, 2.1999999999999998e-11, 2.2999999999999998e-11, 2.4e-11, 2.5e-11, 2.6e-11, 2.7e-11, 2.8e-11, 2.9e-11, 3.0e-11, 3.0999999999999996e-11, 3.2e-11, 3.3e-11, 3.4e-11, 3.5e-11, 3.6e-11, 3.7e-11, 3.8e-11, 3.9e-11, 4.0e-11, 4.1e-11, 4.2e-11, 4.3e-11, 4.3999999999999997e-11, 4.5e-11, 4.5999999999999996e-11, 4.7e-11, 4.8e-11, 4.9e-11, 5.0e-11, 5.1e-11, 5.2e-11, 5.3e-11, 5.4e-11, 5.5e-11, 5.6e-11, 5.7e-11, 5.8e-11, 5.9e-11, 6.0e-11, 6.1e-11, 6.199999999999999e-11, 6.3e-11, 6.4e-11, 6.5e-11, 6.6e-11, 6.7e-11, 6.8e-11, 6.9e-11, 7.0e-11, 7.1e-11, 7.2e-11, 7.299999999999999e-11, 7.4e-11, 7.5e-11, 7.6e-11, 7.699999999999999e-11, 7.8e-11, 7.9e-11, 8.0e-11, 8.1e-11, 8.2e-11, 8.3e-11, 8.4e-11, 8.5e-11, 8.6e-11, 8.7e-11, 8.799999999999999e-11, 8.9e-11, 9.0e-11, 9.1e-11, 9.199999999999999e-11, 9.3e-11, 9.4e-11, 9.5e-11, 9.6e-11, 9.7e-11, 9.8e-11, 9.9e-11, 1.0e-10]

Mean squared displacements (in nm²) at sampling times: [0.0, 6.754715524690523, 8.513719906079615, 9.662222506636473, 10.39180276105852, 11.322556086095032, 12.013950178849706, 12.453878287176016, 13.059968015120747, 13.254830920283865, 13.742202108603337, 14.206829337114184, 14.492395763184778, 15.018097227771056, 15.246567928079305, 15.755680954337514, 15.92229154729186, 16.140487973899138, 16.293462958518326, 16.594692262671447, 16.757521227664338, 16.994077797808217, 17.43056021900974, 17.686873445527727, 18.043715954790535, 18.311686692699382, 18.279126006847438, 18.514539791770535, 18.823553888657525, 19.02650266099529, 19.387645751305048, 19.485604800208336, 19.88254592274536, 20.005195386701345, 20.210065835490294, 20.575629067381474, 20.77292760282501, 20.70325741224033, 20.928288018487905, 21.04660223428579, 21.159797392060575, 21.339579833370713, 21.682245378215534, 21.877225978576405, 21.985755246938663, 22.224516900726822, 22.21773029455791, 22.495428512652367, 22.53044866755912, 22.929246890839842, 23.042936690838047, 23.1302212125793, 23.06382116828235, 23.240048560325835, 23.26008097563291, 23.423331940016336, 23.573416129817556, 23.703738424016105, 23.643310052680057, 23.805335508762436, 24.0567726667487, 24.175029100663895, 24.246621216413278, 24.496239118235042, 24.622709636643577, 24.807440095801482, 24.839816120540366, 24.89782010902531, 24.960513444115545, 25.06398374388169, 25.169758890492382, 25.483026424140373, 25.47137313771628, 25.554148647186324, 25.565499528993147, 25.65861000969042, 25.78304423857411, 25.9783416020088, 26.025360196024074, 26.16192696413918, 26.373865677782806, 26.458974782062292, 26.611320345147917, 26.87028905419521, 27.06782327476004, 27.362107326244544, 27.317596450907114, 27.44569088194643, 27.675124232591372, 27.819930744619345, 27.775645058366408, 27.964796046856048, 28.146030483131693, 28.237220445411154, 28.37525307363811, 28.479540738950806, 28.55403210478252, 28.498062523961647, 28.60389919136326, 28.808599524566265, 28.76496023454607]
Standard errors of the squared displacements (in nm²) at sampling times: [0.0, 0.23972626170949357, 0.31813187543593624, 0.36706414207133026, 0.3972578757172077, 0.447468221426258, 0.47944452637578283, 0.5016788743902978, 0.5372753363962862, 0.549096347033376, 0.5731748839779793, 0.6042252086085668, 0.621602753928969, 0.6460067774394188, 0.6512325263229618, 0.6699451498886632, 0.6781087239628919, 0.6845081658418843, 0.6952027572851454, 0.715267357531406, 0.7268895911048425, 0.7335142867828243, 0.7530988423231852, 0.7841021903795437, 0.8074879835975337, 0.8244602836144935, 0.8142767101020858, 0.824225222336118, 0.8475573849764125, 0.8484267729723489, 0.8870809118128151, 0.8967987658014502, 0.923612112180236, 0.9295465757057346, 0.9466657704535286, 0.9569429736444603, 0.9717994127943065, 0.9634176395786683, 0.9719939096591407, 0.9831907189070441, 0.9754277995461931, 0.9906129931544221, 1.0056345274580334, 1.022907038098941, 1.030758199171982, 1.0571910011501802, 1.067690131415315, 1.075642789672504, 1.0800968670801472, 1.1000128206898687, 1.109503315650806, 1.1140504838943546, 1.1092476186285238, 1.1187583140938442, 1.1198234291561062, 1.1242656382846339, 1.1285325607586552, 1.1357139777664254, 1.1399467233863678, 1.1456610365642748, 1.156122482944462, 1.1612867713736565, 1.155486315793827, 1.1694874129238935, 1.177093092538193, 1.186755190171355, 1.1866977919857653, 1.1856292899769587, 1.1843179255229979, 1.1949628595836612, 1.2049209013267597, 1.2215770983566512, 1.222763020655227, 1.2297048508629849, 1.2263081057787326, 1.2292796337505119, 1.2356576245103699, 1.2416358581544484, 1.2546656426235678, 1.2516619673341614, 1.261791062396021, 1.2663853542110646, 1.279351984631457, 1.2976791240162675, 1.3051138309345662, 1.3188846685191682, 1.3143783341682795, 1.315031168412377, 1.3304632127820732, 1.3318263807220265, 1.3297947998557769, 1.3591876496106128, 1.3769766879930632, 1.3855319751617454, 1.3806847463414047, 1.3894614330893866, 1.3904743963624153, 1.3852944964885128, 1.384786827502721, 1.3959190822490635, 1.3964459294138722]

Mean energies (in meV) at sampling times: [-102.60475655515575, -296.7955716845017, -305.0390943579501, -309.7767212769816, -312.73189597396157, -314.8781516223286, -316.686672882451, -317.78186054445257, -318.2984163011773, -319.3864427102382, -320.32265964165623, -320.6810060230367, -321.53067417093473, -322.78437752579765, -323.24868802973424, -323.8884269492018, -324.0285120536771, -324.43938367054307, -324.77580819224323, -325.33407478450425, -325.50755887514015, -326.17176816035357, -327.123683788139, -327.080766335793, -327.17014053085774, -327.27518527371416, -328.0782796727775, -328.2016837121202, -328.7020085789642, -328.82798005356096, -328.8795697736725, -329.32084788765684, -329.808676262733, -330.17966479444954, -330.27351652349404, -330.47940672844, -330.7364994962022, -330.8048948742954, -330.81799562627083, -331.25849203986843, -331.15234444316184, -331.64039365880217, -331.5757460521149, -332.10688340868336, -332.5850359597029, -332.35689086743025, -332.9454438709232, -332.9847294817081, -333.3481889687505, -333.4857833711975, -333.5733084975144, -333.6565946563965, -333.87503702669454, -334.1320479020264, -334.36393607171607, -334.35950699888394, -334.5285478339168, -334.60365751999456, -334.83361177927236, -334.64895129282775, -335.2014292141338, -335.265392609656, -335.28345652628127, -335.4123356671717, -335.50709174989356, -335.9499006435119, -335.80608986834284, -335.97880642858394, -335.9573252645963, -336.13448976141103, -336.3377879841536, -336.57242585333495, -336.5912843766699, -336.38270185133797, -336.69841104169535, -336.58543810290956, -336.657341956476, -336.7412360352894, -336.884198269459, -337.1315524633027, -337.13499703465044, -337.29724818363974, -337.43614607424587, -337.45990817207667, -337.6160498291043, -337.7356830388685, -337.7441196912808, -338.0041420601191, -337.8636532416273, -338.2792314068646, -338.25849240564577, -338.3423557421067, -338.4909278071881, -338.2911723712967, -338.1988674648038, -338.522298103703, -338.63580195574843, -338.56222121217604, -338.30933083569744, -338.7955378010505, -339.2119735237249]
Standard errors of the energies (in meV) at sampling times: [4.7777915158476425, 2.383931686657771, 2.416127480683391, 2.398796566099634, 2.3812829263565063, 2.373321610027387, 2.3618230294115126, 2.3572375464798894, 2.3509497905888757, 2.3415362206061565, 2.3197412783077755, 2.3374419247448697, 2.3225341278555174, 2.306593167791811, 2.288809320748201, 2.2956312607622156, 2.282656768858546, 2.2906366445328588, 2.282819997485463, 2.285641967856448, 2.286406651369274, 2.2810705084454925, 2.2694058969307367, 2.2642065418460398, 2.2608101346494998, 2.2783883138860404, 2.2664606419076176, 2.2757865423599655, 2.271311950334784, 2.264470923986495, 2.2636536067480155, 2.260829205748867, 2.259706352019238, 2.254889667450703, 2.253009245935897, 2.252479216243478, 2.2435069124425913, 2.2526198962639863, 2.2524762003321857, 2.2447556903866372, 2.2580033271224638, 2.245675153641048, 2.2577974663441, 2.240026402939597, 2.2322893017363903, 2.2499520993640085, 2.239061832279166, 2.2387477989737916, 2.2313025889852067, 2.2367789775447173, 2.23328974223123, 2.236093439885283, 2.2306255361943435, 2.2265244175760595, 2.2245116613198883, 2.2274334021529745, 2.222414377659796, 2.2175367764159115, 2.221415643547349, 2.2247414107535155, 2.232463310794434, 2.225724267305545, 2.2204737632936715, 2.231286242565667, 2.2290747982059345, 2.220443087502808, 2.231711023927685, 2.22528910219813, 2.2206225056108724, 2.2228751016572956, 2.22458009283854, 2.2247412572106082, 2.2247151722651686, 2.22084027058887, 2.222941130592714, 2.227127813121413, 2.225885526165819, 2.2271042088650526, 2.231873538080032, 2.2254421745371493, 2.218056643559055, 2.216964307540646, 2.2179258820925307, 2.219144421595719, 2.213607388597941, 2.2134424213482546, 2.217745519993669, 2.211827783956327, 2.215112870316091, 2.203214558984435, 2.204613074001325, 2.2061375506950167, 2.2002690687752318, 2.1978123412492265, 2.199144112397707, 2.2069095311510445, 2.193925376955814, 2.2062276145494755, 2.216538908813607, 2.209058742446401, 2.213052453158293]

Mean IPRs at sampling times: [1.5288982824705426, 1.2952853370226332, 1.2843479897185706, 1.2764504466474609, 1.2736646755756316, 1.2698530936013646, 1.2653233734225393, 1.2661099863483811, 1.2670086505583704, 1.2623939830943405, 1.2636158790179408, 1.2626724879475955, 1.2643675295174979, 1.2579854015015453, 1.2602239928594556, 1.2580085323169048, 1.2582005220191, 1.2560495454204255, 1.2585526421203101, 1.259293357018588, 1.2569222933383764, 1.257708894669122, 1.2539109599389515, 1.2527623017236345, 1.2520407172995902, 1.2538895758823299, 1.2543121024456407, 1.2536006550061771, 1.256057506926147, 1.2542801653296076, 1.2542591150747093, 1.2512888643386098, 1.2508742022767843, 1.2477134888538561, 1.2522194446022847, 1.2516383637304143, 1.250209476736745, 1.251330370768148, 1.2507599566039123, 1.2499736180421916, 1.2496934620361024, 1.2517050085102777, 1.2521391373480528, 1.2495373312555835, 1.2463273953298701, 1.2483300968290363, 1.2441714452495691, 1.2466069616271596, 1.246468399777913, 1.245193931561101, 1.2447895485476619, 1.2501343383845378, 1.24524040795231, 1.2441979496023212, 1.2434074926175542, 1.2439571539001688, 1.2422734988169195, 1.244311607518996, 1.2409348215954903, 1.2431301898105183, 1.2395100333826572, 1.2405109751337178, 1.2403548751248885, 1.239612447220426, 1.240585665954575, 1.2413584032553233, 1.2403497978019482, 1.2381935763432432, 1.2405732589477625, 1.241718120472199, 1.2371292298153356, 1.2394228048715967, 1.2378419952647746, 1.2370430137692798, 1.2385727246300218, 1.2391600387913115, 1.2388751884953328, 1.240164882226793, 1.2393989067564282, 1.240649409315274, 1.238619985943764, 1.2394934413238703, 1.2387457150973176, 1.2377924723309244, 1.2400147044169998, 1.2374667874772647, 1.2396624669328908, 1.237717865158234, 1.2412061855891023, 1.2360321113925707, 1.2356586042812165, 1.236756839344649, 1.233264050113614, 1.2375311947942675, 1.2369417224066623, 1.2416358116090098, 1.2374621492415636, 1.2367928214886932, 1.2392568436806648, 1.2353839118551428, 1.2364942309566478]
Standard errors of the IPRs at sampling times: [0.01812776062773446, 0.01038837657558325, 0.010317855370684914, 0.01035832582227251, 0.010240628397376338, 0.010118298830468537, 0.00999698077925413, 0.010172429305320339, 0.010122119952107298, 0.010156315103357391, 0.01008767911956048, 0.00997598843546301, 0.010235459823193025, 0.009971684452630936, 0.010033639467782024, 0.009991494905177492, 0.009908909564753937, 0.01002256470510886, 0.010048121692239877, 0.01027159905831148, 0.009880390287691897, 0.010010160336500342, 0.009900948601706414, 0.010017139340163744, 0.009866060117027247, 0.009858426785724317, 0.009849203729898627, 0.01003501057912472, 0.010193457093887146, 0.010005143615956063, 0.00988330297428391, 0.0098603577835974, 0.009761394221542565, 0.009635317289665855, 0.00978608938294528, 0.009837360691342237, 0.009934787148545576, 0.010034126991330938, 0.009856881497224674, 0.009946084471657601, 0.009961228878612834, 0.00991508917229217, 0.009949883802979361, 0.010038722805686197, 0.009802387487379095, 0.009915318637525095, 0.009743034672589067, 0.009977351273779802, 0.009787538219412218, 0.009908441188719955, 0.009783666264103423, 0.010088483709947934, 0.009945720350635016, 0.009925194517679611, 0.009853889671759618, 0.009962739960118655, 0.009702531955052107, 0.009765645433942507, 0.009616123688954039, 0.00973701392008389, 0.009679175612242798, 0.00973369153015718, 0.009634613531700248, 0.009657784988711435, 0.009582118430740038, 0.009789430177126794, 0.009594050083401712, 0.00948282723470947, 0.009591983698150994, 0.00978920161090939, 0.009464833678524085, 0.009773895815475227, 0.009575598997986873, 0.00957053900806633, 0.009726871877752306, 0.009652810452769084, 0.009694657151852366, 0.00970937918498961, 0.009704334601218861, 0.009731458325934625, 0.00957402853225805, 0.009637812556779878, 0.009600814974014299, 0.009460908206673868, 0.009588439691028476, 0.0094961791538965, 0.00972112706476964, 0.009611400581478649, 0.009805825666340782, 0.009619575287042229, 0.009490456352298898, 0.00966660075279301, 0.009585575681124558, 0.009733604573288352, 0.009698264105159381, 0.009881051676071987, 0.009645585216908378, 0.009700789263446946, 0.009665619246309123, 0.009507155538648669, 0.009686251531482948]

Mean number of hops: 491.9487000000001 ± 18.320350065018264

────────────────────────────────────────────────────────────────────────────────

Evaluation completed successfully.
End time:       2025-10-17T10:32:02.293

────────────────────────────────────────────────────────────────────────────────
